<?xml version="1.0" encoding="UTF-8"?>
<testng-results ignored="0" total="1" passed="1" failed="0" skipped="0">
  <reporter-output>
    <line>
      <![CDATA[ JDBC connected ]]>
    </line>
    <line>
      <![CDATA[ project Strated Test]]>
    </line>
    <line>
      <![CDATA[ test Strated contactDelete]]>
    </line>
    <line>
      <![CDATA[ test finished  contactDelete]]>
    </line>
  </reporter-output>
  <suite started-at="2024-01-03T22:24:13 IST" name="Suite" finished-at="2024-01-03T22:24:24 IST" duration-ms="11838">
    <groups>
    </groups>
    <test started-at="2024-01-03T22:24:13 IST" name="Test" finished-at="2024-01-03T22:24:24 IST" duration-ms="11838">
      <class name="vtiger.DeleteContact">
        <test-method is-config="true" signature="setUpJDBC()[pri:0, instance:vtiger.DeleteContact@7ce69770]" started-at="2024-01-03T22:24:13 IST" name="setUpJDBC" finished-at="2024-01-03T22:24:13 IST" duration-ms="15" status="PASS">
          <reporter-output>
            <line>
              <![CDATA[ JDBC connected ]]>
            </line>
          </reporter-output>
        </test-method> <!-- setUpJDBC -->
        <test-method is-config="true" signature="setUp(java.lang.String)[pri:0, instance:vtiger.DeleteContact@7ce69770]" started-at="2024-01-03T22:24:13 IST" name="setUp" finished-at="2024-01-03T22:24:16 IST" duration-ms="2879" status="PASS">
          <params>
            <param index="0">
              <value>
                <![CDATA[chrome]]>
              </value>
            </param>
          </params>
          <reporter-output>
          </reporter-output>
        </test-method> <!-- setUp -->
        <test-method is-config="true" signature="login()[pri:0, instance:vtiger.DeleteContact@7ce69770]" started-at="2024-01-03T22:24:16 IST" name="login" finished-at="2024-01-03T22:24:17 IST" duration-ms="1718" status="PASS">
          <reporter-output>
          </reporter-output>
        </test-method> <!-- login -->
        <test-method signature="contactDelete()[pri:0, instance:vtiger.DeleteContact@7ce69770]" started-at="2024-01-03T22:24:17 IST" name="contactDelete" finished-at="2024-01-03T22:24:20 IST" duration-ms="2901" status="PASS">
          <reporter-output>
            <line>
              <![CDATA[ test Strated contactDelete]]>
            </line>
            <line>
              <![CDATA[ test finished  contactDelete]]>
            </line>
          </reporter-output>
        </test-method> <!-- contactDelete -->
        <test-method is-config="true" signature="logOut()[pri:0, instance:vtiger.DeleteContact@7ce69770]" started-at="2024-01-03T22:24:20 IST" name="logOut" finished-at="2024-01-03T22:24:24 IST" duration-ms="3968" status="PASS">
          <reporter-output>
          </reporter-output>
        </test-method> <!-- logOut -->
        <test-method is-config="true" signature="closeBrowser()[pri:0, instance:vtiger.DeleteContact@7ce69770]" started-at="2024-01-03T22:24:24 IST" name="closeBrowser" finished-at="2024-01-03T22:24:24 IST" duration-ms="109" status="PASS">
          <reporter-output>
          </reporter-output>
        </test-method> <!-- closeBrowser -->
      </class> <!-- vtiger.DeleteContact -->
    </test> <!-- Test -->
  </suite> <!-- Suite -->
</testng-results>
